<?xml version="1.0" encoding="UTF-8"?>
<!-- Generated by org.testng.reporters.JUnitReportReporter -->
<testsuite skipped="0" hostname="DESKTOP-3MGD66O" name="VerizonTNG.Verizon_TestNG" tests="1" failures="0" timestamp="2020-07-21T14:29:38 EDT" time="8.399" errors="0">
  <testcase name="f" time="8.399" classname="VerizonTNG.Verizon_TestNG"/>
</testsuite> <!-- VerizonTNG.Verizon_TestNG -->
