<?xml version="1.0" encoding="UTF-8"?>
<!-- Generated by org.testng.reporters.JUnitReportReporter -->
<testsuite skipped="0" hostname="DESKTOP-3MGD66O" name="DragAndDrop.DragAndDrop1" tests="1" failures="0" timestamp="2020-07-20T17:08:59 EDT" time="0.392" errors="0">
  <testcase name="f" time="0.392" classname="DragAndDrop.DragAndDrop1"/>
</testsuite> <!-- DragAndDrop.DragAndDrop1 -->
