<?xml version="1.0" encoding="UTF-8"?>
<!-- Generated by org.testng.reporters.JUnitReportReporter -->
<testsuite skipped="0" hostname="DESKTOP-3MGD66O" name="Twitter.Twitter_TNG" tests="1" failures="0" timestamp="2020-07-20T16:22:17 EDT" time="13.173" errors="0">
  <testcase name="f" time="13.173" classname="Twitter.Twitter_TNG"/>
</testsuite> <!-- Twitter.Twitter_TNG -->
