<?xml version="1.0" encoding="UTF-8"?>
<!-- Generated by org.testng.reporters.JUnitReportReporter -->
<testsuite skipped="0" hostname="DESKTOP-3MGD66O" name="VerizonTNG.Alerts" tests="1" failures="0" timestamp="2020-07-22T12:26:35 EDT" time="6.305" errors="0">
  <testcase name="f" time="6.305" classname="VerizonTNG.Alerts"/>
</testsuite> <!-- VerizonTNG.Alerts -->
